Using pre-set license
Built from '2021.3/staging' branch; Version is '2021.3.25f1 (68ef2c4f8861) revision 6876972'; Using compiler version '192829333'; Build Type 'Release'
OS: 'Windows 11  (10.0.22621) 64bit Professional' Language: 'en' Physical Memory: 16223 MB
BatchMode: 1, IsHumanControllingUs: 0, StartBugReporterOnCrash: 0, Is64bit: 1, IsPro: 1

COMMAND LINE ARGUMENTS:
C:\Program Files\Unity\Hub\Editor\2021.3.25f1\Editor\Unity.exe
-adb2
-batchMode
-noUpm
-name
AssetImportWorker0
-projectPath
C:/Users/84347/Documents/Work/bomb/HyperCore_1
-logFile
Logs/AssetImportWorker0.log
-srvPort
53210
Successfully changed project path to: C:/Users/84347/Documents/Work/bomb/HyperCore_1
C:/Users/84347/Documents/Work/bomb/HyperCore_1
[UnityMemory] Configuration Parameters - Can be set up in boot.config
    "memorysetup-bucket-allocator-granularity=16"
    "memorysetup-bucket-allocator-bucket-count=8"
    "memorysetup-bucket-allocator-block-size=33554432"
    "memorysetup-bucket-allocator-block-count=8"
    "memorysetup-main-allocator-block-size=16777216"
    "memorysetup-thread-allocator-block-size=16777216"
    "memorysetup-gfx-main-allocator-block-size=16777216"
    "memorysetup-gfx-thread-allocator-block-size=16777216"
    "memorysetup-cache-allocator-block-size=4194304"
    "memorysetup-typetree-allocator-block-size=2097152"
    "memorysetup-profiler-bucket-allocator-granularity=16"
    "memorysetup-profiler-bucket-allocator-bucket-count=8"
    "memorysetup-profiler-bucket-allocator-block-size=33554432"
    "memorysetup-profiler-bucket-allocator-block-count=8"
    "memorysetup-profiler-allocator-block-size=16777216"
    "memorysetup-profiler-editor-allocator-block-size=1048576"
    "memorysetup-temp-allocator-size-main=16777216"
    "memorysetup-job-temp-allocator-block-size=2097152"
    "memorysetup-job-temp-allocator-block-size-background=1048576"
    "memorysetup-job-temp-allocator-reduction-small-platforms=262144"
    "memorysetup-temp-allocator-size-background-worker=32768"
    "memorysetup-temp-allocator-size-job-worker=262144"
    "memorysetup-temp-allocator-size-preload-manager=33554432"
    "memorysetup-temp-allocator-size-nav-mesh-worker=65536"
    "memorysetup-temp-allocator-size-audio-worker=65536"
    "memorysetup-temp-allocator-size-cloud-worker=32768"
    "memorysetup-temp-allocator-size-gi-baking-worker=262144"
    "memorysetup-temp-allocator-size-gfx=262144"
Player connection [14916] Host "[IP] 192.168.1.46 [Port] 0 [Flags] 2 [Guid] 3630135740 [EditorId] 3630135740 [Version] 1048832 [Id] WindowsEditor(7,GameCyber) [Debug] 1 [PackageName] WindowsEditor [ProjectName] Editor" joined multi-casting on [225.0.0.222:54997]...

Player connection [14916] Host "[IP] 192.168.1.46 [Port] 0 [Flags] 2 [Guid] 3630135740 [EditorId] 3630135740 [Version] 1048832 [Id] WindowsEditor(7,GameCyber) [Debug] 1 [PackageName] WindowsEditor [ProjectName] Editor" joined alternative multi-casting on [225.0.0.222:34997]...

Refreshing native plugins compatible for Editor in 94.70 ms, found 3 plugins.
Preloading 0 native plugins for Editor in 0.00 ms.
Initialize engine version: 2021.3.25f1 (68ef2c4f8861)
[Subsystems] Discovering subsystems at path C:/Program Files/Unity/Hub/Editor/2021.3.25f1/Editor/Data/Resources/UnitySubsystems
[Subsystems] Discovering subsystems at path C:/Users/84347/Documents/Work/bomb/HyperCore_1/Assets
GfxDevice: creating device client; threaded=0; jobified=0
Direct3D:
    Version:  Direct3D 11.0 [level 11.1]
    Renderer: AMD Radeon RX 6800 XT (ID=0x73bf)
    Vendor:   ATI
    VRAM:     16337 MB
    Driver:   31.0.12027.9001
Initialize mono
Mono path[0] = 'C:/Program Files/Unity/Hub/Editor/2021.3.25f1/Editor/Data/Managed'
Mono path[1] = 'C:/Program Files/Unity/Hub/Editor/2021.3.25f1/Editor/Data/MonoBleedingEdge/lib/mono/unityjit-win32'
Mono config path = 'C:/Program Files/Unity/Hub/Editor/2021.3.25f1/Editor/Data/MonoBleedingEdge/etc'
Using monoOptions --debugger-agent=transport=dt_socket,embedding=1,server=y,suspend=n,address=127.0.0.1:56624
Begin MonoManager ReloadAssembly
Registering precompiled unity dll's ...
Register platform support module: C:/Program Files/Unity/Hub/Editor/2021.3.25f1/Editor/Data/PlaybackEngines/AndroidPlayer/UnityEditor.Android.Extensions.dll
Register platform support module: C:/Program Files/Unity/Hub/Editor/2021.3.25f1/Editor/Data/PlaybackEngines/iOSSupport/UnityEditor.iOS.Extensions.dll
Register platform support module: C:/Program Files/Unity/Hub/Editor/2021.3.25f1/Editor/Data/PlaybackEngines/WindowsStandaloneSupport/UnityEditor.WindowsStandalone.Extensions.dll
Registered in 0.003850 seconds.
Native extension for WindowsStandalone target not found
[usbmuxd] Start listen thread
[usbmuxd] Listen thread started
Native extension for iOS target not found
Native extension for Android target not found
Android Extension - Scanning For ADB Devices 1714 ms
Refreshing native plugins compatible for Editor in 78.07 ms, found 3 plugins.
Preloading 0 native plugins for Editor in 0.00 ms.
Mono: successfully reloaded assembly
- Completed reload, in  2.296 seconds
Domain Reload Profiling:
	ReloadAssembly (2296ms)
		BeginReloadAssembly (82ms)
			ExecutionOrderSort (0ms)
			DisableScriptedObjects (0ms)
			BackupInstance (0ms)
			ReleaseScriptingObjects (0ms)
			CreateAndSetChildDomain (1ms)
		EndReloadAssembly (2123ms)
			LoadAssemblies (81ms)
			RebuildTransferFunctionScriptingTraits (0ms)
			SetupTypeCache (90ms)
			ReleaseScriptCaches (0ms)
			RebuildScriptCaches (20ms)
			SetupLoadedEditorAssemblies (1972ms)
				LogAssemblyErrors (0ms)
				InitializePlatformSupportModulesInManaged (1794ms)
				SetLoadedEditorAssemblies (0ms)
				RefreshPlugins (78ms)
				BeforeProcessingInitializeOnLoad (1ms)
				ProcessInitializeOnLoadAttributes (63ms)
				ProcessInitializeOnLoadMethodAttributes (35ms)
				AfterProcessingInitializeOnLoad (0ms)
				EditorAssembliesLoaded (0ms)
			ExecutionOrderSort2 (0ms)
			AwakeInstancesAfterBackupRestoration (0ms)
Platform modules already initialized, skipping
Registering precompiled user dll's ...
Registered in 0.015423 seconds.
Begin MonoManager ReloadAssembly
Symbol file LoadedFromMemory doesn't match image C:\Users\84347\Documents\Work\bomb\HyperCore_1\Library\PackageCache\com.unity.visualscripting@1.8.0\Editor\VisualScripting.Core\Dependencies\DotNetZip\Unity.VisualScripting.IonicZip.dll
Symbol file LoadedFromMemory is not a mono symbol file
Symbol file LoadedFromMemory doesn't match image C:\Users\84347\Documents\Work\bomb\HyperCore_1\Library\PackageCache\com.unity.visualscripting@1.8.0\Editor\VisualScripting.Core\Dependencies\YamlDotNet\Unity.VisualScripting.YamlDotNet.dll
Native extension for WindowsStandalone target not found
Native extension for iOS target not found
Native extension for Android target not found
Refreshing native plugins compatible for Editor in 0.73 ms, found 3 plugins.
Preloading 0 native plugins for Editor in 0.00 ms.
Mono: successfully reloaded assembly
- Completed reload, in  0.917 seconds
Domain Reload Profiling:
	ReloadAssembly (918ms)
		BeginReloadAssembly (102ms)
			ExecutionOrderSort (0ms)
			DisableScriptedObjects (4ms)
			BackupInstance (0ms)
			ReleaseScriptingObjects (0ms)
			CreateAndSetChildDomain (18ms)
		EndReloadAssembly (734ms)
			LoadAssemblies (91ms)
			RebuildTransferFunctionScriptingTraits (0ms)
			SetupTypeCache (215ms)
			ReleaseScriptCaches (0ms)
			RebuildScriptCaches (40ms)
			SetupLoadedEditorAssemblies (357ms)
				LogAssemblyErrors (0ms)
				InitializePlatformSupportModulesInManaged (23ms)
				SetLoadedEditorAssemblies (0ms)
				RefreshPlugins (1ms)
				BeforeProcessingInitializeOnLoad (73ms)
				ProcessInitializeOnLoadAttributes (171ms)
				ProcessInitializeOnLoadMethodAttributes (85ms)
				AfterProcessingInitializeOnLoad (4ms)
				EditorAssembliesLoaded (0ms)
			ExecutionOrderSort2 (0ms)
			AwakeInstancesAfterBackupRestoration (4ms)
Platform modules already initialized, skipping
========================================================================
Worker process is ready to serve import requests
Launched and connected shader compiler UnityShaderCompiler.exe after 0.04 seconds
Refreshing native plugins compatible for Editor in 1.61 ms, found 3 plugins.
Preloading 0 native plugins for Editor in 0.00 ms.
Unloading 4036 Unused Serialized files (Serialized files now loaded: 0)
Unloading 56 unused Assets / (285.5 KB). Loaded Objects now: 4480.
Memory consumption went from 143.7 MB to 143.5 MB.
Total: 5.525600 ms (FindLiveObjects: 0.298600 ms CreateObjectMapping: 0.136200 ms MarkObjects: 4.989400 ms  DeleteObjects: 0.100300 ms)

AssetImportParameters requested are different than current active one (requested -> active):
  custom:video-decoder-ogg-theora: a1e56fd34408186e4bbccfd4996cb3dc -> 
  custom:container-muxer-webm: aa71ff27fc2769a1b78a27578f13a17b -> 
  custom:container-demuxer-webm: 4f35f7cbe854078d1ac9338744f61a02 -> 
  custom:video-encoder-webm-vp8: eb34c28f22e8b96e1ab97ce403110664 -> 
  custom:audio-encoder-webm-vorbis: bf7c407c2cedff20999df2af8eb42d56 -> 
  custom:framework-win-MediaFoundation: 216162199b28c13a410421893ffa2e32 -> 
  custom:container-demuxer-ogg: 62fdf1f143b41e24485cea50d1cbac27 -> 
  custom:video-decoder-webm-vp8: 9c59270c3fd7afecdb556c50c9e8de78 -> 
  custom:audio-decoder-ogg-vorbis: bf7c407c2cedff20999df2af8eb42d56 -> 
========================================================================
Received Import Request.
  Time since last request: 77811.264127 seconds.
  path: Assets/Materials/Color/K_Beige.mat
  artifactKey: Guid(43d99520cd63f478faca414526fedad5) Importer(815301076,1909f56bfc062723c751e8b465ee728b)
Start importing Assets/Materials/Color/K_Beige.mat using Guid(43d99520cd63f478faca414526fedad5) Importer(815301076,1909f56bfc062723c751e8b465ee728b)  -> (artifact id: '3c148bab14bffa267de15a6add2064d1') in 0.110856 seconds 
========================================================================
Received Import Request.
  Time since last request: 0.000027 seconds.
  path: Assets/Materials/Color/New Material.mat
  artifactKey: Guid(45e4d909e06d5490f89ece50e9f02f5c) Importer(815301076,1909f56bfc062723c751e8b465ee728b)
Start importing Assets/Materials/Color/New Material.mat using Guid(45e4d909e06d5490f89ece50e9f02f5c) Importer(815301076,1909f56bfc062723c751e8b465ee728b)  -> (artifact id: '803094bf3d8f08a7a500d79bede49012') in 0.009630 seconds 
========================================================================
Received Import Request.
  Time since last request: 0.000036 seconds.
  path: Assets/Materials/Color/Wood 1.mat
  artifactKey: Guid(f6cd7d79dfd0241759173199354c81dd) Importer(815301076,1909f56bfc062723c751e8b465ee728b)
Start importing Assets/Materials/Color/Wood 1.mat using Guid(f6cd7d79dfd0241759173199354c81dd) Importer(815301076,1909f56bfc062723c751e8b465ee728b)  -> (artifact id: '349721af41398a3a85db792644bc8c83') in 0.010400 seconds 
========================================================================
Received Import Request.
  Time since last request: 0.000025 seconds.
  path: Assets/Materials/Color/Border.mat
  artifactKey: Guid(6c54bc50c8d4a53439f68e974fe5a896) Importer(815301076,1909f56bfc062723c751e8b465ee728b)
Start importing Assets/Materials/Color/Border.mat using Guid(6c54bc50c8d4a53439f68e974fe5a896) Importer(815301076,1909f56bfc062723c751e8b465ee728b)  -> (artifact id: 'b5f780d0861d05cc38592defd7be6ce6') in 0.018717 seconds 
========================================================================
Received Import Request.
  Time since last request: 0.000029 seconds.
  path: Assets/Materials/Color/water.mat
  artifactKey: Guid(952ea5c2b74354f66acffa9a5cb7be69) Importer(815301076,1909f56bfc062723c751e8b465ee728b)
Start importing Assets/Materials/Color/water.mat using Guid(952ea5c2b74354f66acffa9a5cb7be69) Importer(815301076,1909f56bfc062723c751e8b465ee728b)  -> (artifact id: '27b197e52dc44d618cab4e4fd0641e95') in 0.010121 seconds 
========================================================================
Received Import Request.
  Time since last request: 0.000020 seconds.
  path: Assets/Materials/Color/Stone 2.mat
  artifactKey: Guid(e5a459344379b3842be9107945da3d6b) Importer(815301076,1909f56bfc062723c751e8b465ee728b)
Start importing Assets/Materials/Color/Stone 2.mat using Guid(e5a459344379b3842be9107945da3d6b) Importer(815301076,1909f56bfc062723c751e8b465ee728b)  -> (artifact id: '82e42225be5a2d738df61506e4c4805f') in 0.008837 seconds 
========================================================================
Received Import Request.
  Time since last request: 0.000024 seconds.
  path: Assets/Materials/Color/K_StoneDark.mat
  artifactKey: Guid(903098ecce28747ff90b68bcd672ca8a) Importer(815301076,1909f56bfc062723c751e8b465ee728b)
Start importing Assets/Materials/Color/K_StoneDark.mat using Guid(903098ecce28747ff90b68bcd672ca8a) Importer(815301076,1909f56bfc062723c751e8b465ee728b)  -> (artifact id: 'c52a60ea6436786d3f5f0a9ec2102d42') in 0.009827 seconds 
========================================================================
Received Import Request.
  Time since last request: 0.000030 seconds.
  path: Assets/Materials/Color/K_Yellow.mat
  artifactKey: Guid(8acffac7988224353889fd6c07aca913) Importer(815301076,1909f56bfc062723c751e8b465ee728b)
Start importing Assets/Materials/Color/K_Yellow.mat using Guid(8acffac7988224353889fd6c07aca913) Importer(815301076,1909f56bfc062723c751e8b465ee728b)  -> (artifact id: 'b619f90a8d30c871f02a81879bddd3a4') in 0.009121 seconds 
========================================================================
Received Import Request.
  Time since last request: 0.000017 seconds.
  path: Assets/Materials/Color/K_Stone.mat
  artifactKey: Guid(fb1a01d05a7404c6da7f0354c9245c17) Importer(815301076,1909f56bfc062723c751e8b465ee728b)
Start importing Assets/Materials/Color/K_Stone.mat using Guid(fb1a01d05a7404c6da7f0354c9245c17) Importer(815301076,1909f56bfc062723c751e8b465ee728b)  -> (artifact id: 'acab8358217a50ff4abe84f9fb8e97ed') in 0.007557 seconds 
========================================================================
Received Import Request.
  Time since last request: 0.000023 seconds.
  path: Assets/Materials/Color/K_Metal.mat
  artifactKey: Guid(b04941ff647cb4434bb1c7442052b305) Importer(815301076,1909f56bfc062723c751e8b465ee728b)
Start importing Assets/Materials/Color/K_Metal.mat using Guid(b04941ff647cb4434bb1c7442052b305) Importer(815301076,1909f56bfc062723c751e8b465ee728b)  -> (artifact id: 'a28700e1f0ef16a44bf0941b84809837') in 0.007774 seconds 
========================================================================
Received Import Request.
  Time since last request: 0.000024 seconds.
  path: Assets/Materials/Color/Plane.mat
  artifactKey: Guid(ec9511ef52d7e2b4583961fd4f65b4a0) Importer(815301076,1909f56bfc062723c751e8b465ee728b)
Start importing Assets/Materials/Color/Plane.mat using Guid(ec9511ef52d7e2b4583961fd4f65b4a0) Importer(815301076,1909f56bfc062723c751e8b465ee728b)  -> (artifact id: '1002fb28fa7a44b361a05d1f5126fa04') in 0.008833 seconds 
========================================================================
Received Import Request.
  Time since last request: 0.000019 seconds.
  path: Assets/Materials/Color/K_Bronw.mat
  artifactKey: Guid(ae8707d87215642cca088500815f3f61) Importer(815301076,1909f56bfc062723c751e8b465ee728b)
Start importing Assets/Materials/Color/K_Bronw.mat using Guid(ae8707d87215642cca088500815f3f61) Importer(815301076,1909f56bfc062723c751e8b465ee728b)  -> (artifact id: 'f2e2ff736e740f0f5352cb607c9d2525') in 0.007428 seconds 
========================================================================
Received Import Request.
  Time since last request: 301.083789 seconds.
  path: Assets/Materials/Sprites/asdd.png
  artifactKey: Guid(3c704e84fa0c1834cac28b30653220d8) Importer(815301076,1909f56bfc062723c751e8b465ee728b)
Start importing Assets/Materials/Sprites/asdd.png using Guid(3c704e84fa0c1834cac28b30653220d8) Importer(815301076,1909f56bfc062723c751e8b465ee728b)  -> (artifact id: 'd38178c1b4d0516ff4abebaab37558da') in 0.083740 seconds 
