Unity Editor version:    2021.3.4f1 (cb45f9cae8b7)
Branch:                  2021.3/staging
Build type:              Release
Batch mode:              YES
macOS version:           Version 12.6.4 (Build 21G526)
Darwin version:          21.6.0
Architecture:            arm64
Running under Rosetta:   NO
Available memory:        8192 MB
Using pre-set license
Pro License: YES

COMMAND LINE ARGUMENTS:
/Applications/Unity/Hub/Editor/2021.3.4f1/Unity.app/Contents/MacOS/Unity
-adb2
-batchMode
-noUpm
-name
AssetImportWorker2
-projectPath
/Users/mac/Documents/HyperGame/hyper-1/HyperCore_1
-logFile
Logs/AssetImportWorker2.log
-srvPort
55611
Successfully changed project path to: /Users/mac/Documents/HyperGame/hyper-1/HyperCore_1
/Users/mac/Documents/HyperGame/hyper-1/HyperCore_1
[UnityMemory] Configuration Parameters - Can be set up in boot.config
    "memorysetup-bucket-allocator-granularity=16"
    "memorysetup-bucket-allocator-bucket-count=8"
    "memorysetup-bucket-allocator-block-size=33554432"
    "memorysetup-bucket-allocator-block-count=8"
    "memorysetup-main-allocator-block-size=16777216"
    "memorysetup-thread-allocator-block-size=16777216"
    "memorysetup-gfx-main-allocator-block-size=16777216"
    "memorysetup-gfx-thread-allocator-block-size=16777216"
    "memorysetup-cache-allocator-block-size=4194304"
    "memorysetup-typetree-allocator-block-size=2097152"
    "memorysetup-profiler-bucket-allocator-granularity=16"
    "memorysetup-profiler-bucket-allocator-bucket-count=8"
    "memorysetup-profiler-bucket-allocator-block-size=33554432"
    "memorysetup-profiler-bucket-allocator-block-count=8"
    "memorysetup-profiler-allocator-block-size=16777216"
    "memorysetup-profiler-editor-allocator-block-size=1048576"
    "memorysetup-temp-allocator-size-main=16777216"
    "memorysetup-job-temp-allocator-block-size=2097152"
    "memorysetup-job-temp-allocator-block-size-background=1048576"
    "memorysetup-job-temp-allocator-reduction-small-platforms=262144"
    "memorysetup-temp-allocator-size-background-worker=32768"
    "memorysetup-temp-allocator-size-job-worker=262144"
    "memorysetup-temp-allocator-size-preload-manager=33554432"
    "memorysetup-temp-allocator-size-nav-mesh-worker=65536"
    "memorysetup-temp-allocator-size-audio-worker=65536"
    "memorysetup-temp-allocator-size-cloud-worker=32768"
    "memorysetup-temp-allocator-size-gi-baking-worker=262144"
    "memorysetup-temp-allocator-size-gfx=262144"
Refreshing native plugins compatible for Editor in 133.75 ms, found 2 plugins.
Preloading 0 native plugins for Editor in 0.00 ms.
Initialize engine version: 2021.3.4f1 (cb45f9cae8b7)
[Subsystems] Discovering subsystems at path /Applications/Unity/Hub/Editor/2021.3.4f1/Unity.app/Contents/Resources/UnitySubsystems
[Subsystems] Discovering subsystems at path /Users/mac/Documents/HyperGame/hyper-1/HyperCore_1/Assets
GfxDevice: creating device client; threaded=0; jobified=0
 preferred device: Apple M1 (high power)
Metal devices available: 1
0: Apple M1 (high power)
Using device Apple M1 (high power)
Initializing Metal device caps: Apple M1
Initialize mono
Mono path[0] = '/Applications/Unity/Hub/Editor/2021.3.4f1/Unity.app/Contents/Managed'
Mono path[1] = '/Applications/Unity/Hub/Editor/2021.3.4f1/Unity.app/Contents/MonoBleedingEdge/lib/mono/unityjit-macos'
Mono config path = '/Applications/Unity/Hub/Editor/2021.3.4f1/Unity.app/Contents/MonoBleedingEdge/etc'
Using monoOptions --debugger-agent=transport=dt_socket,embedding=1,server=y,suspend=n,address=127.0.0.1:56601
Begin MonoManager ReloadAssembly
Registering precompiled unity dll's ...
Register platform support module: /Applications/Unity/Hub/Editor/2021.3.4f1/Unity.app/Contents/PlaybackEngines/MacStandaloneSupport/UnityEditor.OSXStandalone.Extensions.dll
Register platform support module: /Applications/Unity/Hub/Editor/2021.3.4f1/PlaybackEngines/AndroidPlayer/UnityEditor.Android.Extensions.dll
Register platform support module: /Applications/Unity/Hub/Editor/2021.3.4f1/PlaybackEngines/iOSSupport/UnityEditor.iOS.Extensions.dll
Registered in 0.005182 seconds.
[usbmuxd] Start listen thread
[usbmuxd] Listen thread started
[usbmuxd] Send listen message
Native extension for iOS target not found
Native extension for Android target not found
Native extension for OSXStandalone target not found
Refreshing native plugins compatible for Editor in 92.51 ms, found 2 plugins.
Preloading 0 native plugins for Editor in 0.00 ms.
Mono: successfully reloaded assembly
- Completed reload, in  0.599 seconds
Domain Reload Profiling:
	ReloadAssembly (599ms)
		BeginReloadAssembly (80ms)
			ExecutionOrderSort (0ms)
			DisableScriptedObjects (0ms)
			BackupInstance (0ms)
			ReleaseScriptingObjects (0ms)
			CreateAndSetChildDomain (0ms)
		EndReloadAssembly (422ms)
			LoadAssemblies (84ms)
			RebuildTransferFunctionScriptingTraits (2ms)
			SetupTypeCache (104ms)
			ReleaseScriptCaches (0ms)
			RebuildScriptCaches (21ms)
			SetupLoadedEditorAssemblies (257ms)
				LogAssemblyErrors (0ms)
				InitializePlatformSupportModulesInManaged (76ms)
				SetLoadedEditorAssemblies (0ms)
				RefreshPlugins (93ms)
				BeforeProcessingInitializeOnLoad (1ms)
				ProcessInitializeOnLoadAttributes (56ms)
				ProcessInitializeOnLoadMethodAttributes (31ms)
				AfterProcessingInitializeOnLoad (0ms)
				EditorAssembliesLoaded (0ms)
			ExecutionOrderSort2 (0ms)
			AwakeInstancesAfterBackupRestoration (0ms)
Platform modules already initialized, skipping
Registering precompiled user dll's ...
Registered in 0.005050 seconds.
Begin MonoManager ReloadAssembly
Symbol file LoadedFromMemory doesn't match image /Users/mac/Documents/HyperGame/hyper-1/HyperCore_1/Library/PackageCache/com.unity.visualscripting@1.8.0/Editor/VisualScripting.Core/Dependencies/YamlDotNet/Unity.VisualScripting.YamlDotNet.dll
Symbol file LoadedFromMemory doesn't match image /Users/mac/Documents/HyperGame/hyper-1/HyperCore_1/Library/PackageCache/com.unity.visualscripting@1.8.0/Editor/VisualScripting.Core/Dependencies/DotNetZip/Unity.VisualScripting.IonicZip.dll
Native extension for iOS target not found
Native extension for Android target not found
Native extension for OSXStandalone target not found
Refreshing native plugins compatible for Editor in 0.42 ms, found 2 plugins.
Preloading 0 native plugins for Editor in 0.00 ms.
Mono: successfully reloaded assembly
- Completed reload, in  0.875 seconds
Domain Reload Profiling:
	ReloadAssembly (875ms)
		BeginReloadAssembly (190ms)
			ExecutionOrderSort (0ms)
			DisableScriptedObjects (4ms)
			BackupInstance (0ms)
			ReleaseScriptingObjects (0ms)
			CreateAndSetChildDomain (132ms)
		EndReloadAssembly (608ms)
			LoadAssemblies (82ms)
			RebuildTransferFunctionScriptingTraits (0ms)
			SetupTypeCache (204ms)
			ReleaseScriptCaches (1ms)
			RebuildScriptCaches (40ms)
			SetupLoadedEditorAssemblies (265ms)
				LogAssemblyErrors (0ms)
				InitializePlatformSupportModulesInManaged (15ms)
				SetLoadedEditorAssemblies (0ms)
				RefreshPlugins (0ms)
				BeforeProcessingInitializeOnLoad (58ms)
				ProcessInitializeOnLoadAttributes (173ms)
				ProcessInitializeOnLoadMethodAttributes (17ms)
				AfterProcessingInitializeOnLoad (1ms)
				EditorAssembliesLoaded (0ms)
			ExecutionOrderSort2 (0ms)
			AwakeInstancesAfterBackupRestoration (2ms)
Platform modules already initialized, skipping
========================================================================
Worker process is ready to serve import requests
Launching external process: /Applications/Unity/Hub/Editor/2021.3.4f1/Unity.app/Contents/Tools/UnityShaderCompiler
Launched and connected shader compiler UnityShaderCompiler after 0.32 seconds
Refreshing native plugins compatible for Editor in 0.90 ms, found 2 plugins.
Preloading 0 native plugins for Editor in 0.00 ms.
Unloading 3188 Unused Serialized files (Serialized files now loaded: 0)
Unloading 28 unused Assets / (95.3 KB). Loaded Objects now: 3665.
Memory consumption went from 310.6 MB to 310.5 MB.
Total: 2.639333 ms (FindLiveObjects: 0.159292 ms CreateObjectMapping: 0.044750 ms MarkObjects: 2.352250 ms  DeleteObjects: 0.082459 ms)

AssetImportParameters requested are different than current active one (requested -> active):
  custom:video-decoder-ogg-theora: a1e56fd34408186e4bbccfd4996cb3dc -> 
  custom:container-muxer-webm: aa71ff27fc2769a1b78a27578f13a17b -> 
  custom:container-demuxer-webm: 4f35f7cbe854078d1ac9338744f61a02 -> 
  custom:video-encoder-webm-vp8: eb34c28f22e8b96e1ab97ce403110664 -> 
  custom:framework-osx-AVFoundation: e770b220cccbd017edd2c1fefb359320 -> 
  custom:audio-encoder-webm-vorbis: bf7c407c2cedff20999df2af8eb42d56 -> 
  custom:container-demuxer-ogg: 62fdf1f143b41e24485cea50d1cbac27 -> 
  custom:video-decoder-webm-vp8: 9c59270c3fd7afecdb556c50c9e8de78 -> 
  custom:audio-decoder-ogg-vorbis: bf7c407c2cedff20999df2af8eb42d56 -> 
========================================================================
Received Import Request.
  Time since last request: 39012.266048 seconds.
  path: Assets/Materials/dev_miniscene.mat
  artifactKey: Guid(315b53791f94e40498fd929d455d4ba1) Importer(815301076,1909f56bfc062723c751e8b465ee728b)
Start importing Assets/Materials/dev_miniscene.mat using Guid(315b53791f94e40498fd929d455d4ba1) Importer(815301076,1909f56bfc062723c751e8b465ee728b)  -> (artifact id: '25dc4b976d4783bb3b28f1dfce39fcde') in 0.200023 seconds 
========================================================================
Received Import Request.
  Time since last request: 0.000064 seconds.
  path: Assets/KayKit Medieval Builder Pack 1.0/Models/tiles/hex/fbx/hex_forest_roadK.fbx
  artifactKey: Guid(795f75ba9a75e489d922c9d05c9e385e) Importer(815301076,1909f56bfc062723c751e8b465ee728b)
Start importing Assets/KayKit Medieval Builder Pack 1.0/Models/tiles/hex/fbx/hex_forest_roadK.fbx using Guid(795f75ba9a75e489d922c9d05c9e385e) Importer(815301076,1909f56bfc062723c751e8b465ee728b)  -> (artifact id: '886cf470ca0a5475df404a908bd1f347') in 0.075487 seconds 
========================================================================
Received Import Request.
  Time since last request: 0.000071 seconds.
  path: Assets/KayKit Medieval Builder Pack 1.0/Models/tiles/hex/fbx/hex_forest_roadA_detail.fbx
  artifactKey: Guid(f19b07922e962478f8936d85e448dccc) Importer(815301076,1909f56bfc062723c751e8b465ee728b)
Start importing Assets/KayKit Medieval Builder Pack 1.0/Models/tiles/hex/fbx/hex_forest_roadA_detail.fbx using Guid(f19b07922e962478f8936d85e448dccc) Importer(815301076,1909f56bfc062723c751e8b465ee728b)  -> (artifact id: '5efb9fdfd85eb15b3edf3763bb961c7f') in 0.022393 seconds 
========================================================================
Received Import Request.
  Time since last request: 0.000050 seconds.
  path: Assets/KayKit Medieval Builder Pack 1.0/Models/tiles/hex/fbx/hex_forest_roadJ.fbx
  artifactKey: Guid(dae924d86502f43cbb0e9f5e5899db8b) Importer(815301076,1909f56bfc062723c751e8b465ee728b)
Start importing Assets/KayKit Medieval Builder Pack 1.0/Models/tiles/hex/fbx/hex_forest_roadJ.fbx using Guid(dae924d86502f43cbb0e9f5e5899db8b) Importer(815301076,1909f56bfc062723c751e8b465ee728b)  -> (artifact id: '87ef581b3dd391b4127706010a7c6253') in 0.015464 seconds 
========================================================================
Received Import Request.
  Time since last request: 0.000055 seconds.
  path: Assets/KayKit Medieval Builder Pack 1.0/Models/tiles/hex/fbx/hex_forest_roadM_detail.fbx
  artifactKey: Guid(79231fcbb242d41efb14e457d2ea25d9) Importer(815301076,1909f56bfc062723c751e8b465ee728b)
Start importing Assets/KayKit Medieval Builder Pack 1.0/Models/tiles/hex/fbx/hex_forest_roadM_detail.fbx using Guid(79231fcbb242d41efb14e457d2ea25d9) Importer(815301076,1909f56bfc062723c751e8b465ee728b)  -> (artifact id: 'af352c5ca46cdef7e2eba4572b549fc9') in 0.030019 seconds 
========================================================================
Received Import Request.
  Time since last request: 0.000054 seconds.
  path: Assets/KayKit Medieval Builder Pack 1.0/Models/tiles/hex/fbx/hex_forest_roadH_detail.fbx
  artifactKey: Guid(5a53722e0d43147b3a752122dd004cf3) Importer(815301076,1909f56bfc062723c751e8b465ee728b)
Start importing Assets/KayKit Medieval Builder Pack 1.0/Models/tiles/hex/fbx/hex_forest_roadH_detail.fbx using Guid(5a53722e0d43147b3a752122dd004cf3) Importer(815301076,1909f56bfc062723c751e8b465ee728b)  -> (artifact id: '8ade7107874d1c048e71e3f7c84b36bd') in 0.020146 seconds 
========================================================================
Received Import Request.
  Time since last request: 0.000115 seconds.
  path: Assets/KayKit Medieval Builder Pack 1.0/Models/tiles/hex/fbx/hex_forest_roadL_detail.fbx
  artifactKey: Guid(e119d62710d8643eb99aff85d9730757) Importer(815301076,1909f56bfc062723c751e8b465ee728b)
Start importing Assets/KayKit Medieval Builder Pack 1.0/Models/tiles/hex/fbx/hex_forest_roadL_detail.fbx using Guid(e119d62710d8643eb99aff85d9730757) Importer(815301076,1909f56bfc062723c751e8b465ee728b)  -> (artifact id: '634840bea281b72af4bc8b03040993f8') in 0.019066 seconds 
========================================================================
Received Import Request.
  Time since last request: 0.000052 seconds.
  path: Assets/KayKit Medieval Builder Pack 1.0/Models/tiles/hex/fbx/hex_forest_waterA.fbx
  artifactKey: Guid(62045454e2c25462e856133fcd484aba) Importer(815301076,1909f56bfc062723c751e8b465ee728b)
Start importing Assets/KayKit Medieval Builder Pack 1.0/Models/tiles/hex/fbx/hex_forest_waterA.fbx using Guid(62045454e2c25462e856133fcd484aba) Importer(815301076,1909f56bfc062723c751e8b465ee728b)  -> (artifact id: '9707e7022766a8bcbea6a762bc37b794') in 0.016061 seconds 
========================================================================
Received Import Request.
  Time since last request: 0.000050 seconds.
  path: Assets/KayKit Medieval Builder Pack 1.0/Models/tiles/hex/fbx/hex_forest_roadB_detail.fbx
  artifactKey: Guid(d4608ed92857b4d1fb17e4e0b6cca964) Importer(815301076,1909f56bfc062723c751e8b465ee728b)
Start importing Assets/KayKit Medieval Builder Pack 1.0/Models/tiles/hex/fbx/hex_forest_roadB_detail.fbx using Guid(d4608ed92857b4d1fb17e4e0b6cca964) Importer(815301076,1909f56bfc062723c751e8b465ee728b)  -> (artifact id: 'db86576c92393e25443098d699f0574f') in 0.021269 seconds 
========================================================================
Received Import Request.
  Time since last request: 0.000053 seconds.
  path: Assets/KayKit Medieval Builder Pack 1.0/Models/tiles/hex/fbx/hex_forest_roadA.fbx
  artifactKey: Guid(0fbe1bad457aa454c92b5efb77643f7a) Importer(815301076,1909f56bfc062723c751e8b465ee728b)
Start importing Assets/KayKit Medieval Builder Pack 1.0/Models/tiles/hex/fbx/hex_forest_roadA.fbx using Guid(0fbe1bad457aa454c92b5efb77643f7a) Importer(815301076,1909f56bfc062723c751e8b465ee728b)  -> (artifact id: '38720b65084f75ee5185ce584bb7f043') in 0.017714 seconds 
========================================================================
Received Import Request.
  Time since last request: 0.000058 seconds.
  path: Assets/KayKit Medieval Builder Pack 1.0/Models/tiles/hex/fbx/hex_forest.fbx
  artifactKey: Guid(c3630f00a49be47d389b4f64c5443519) Importer(815301076,1909f56bfc062723c751e8b465ee728b)
Start importing Assets/KayKit Medieval Builder Pack 1.0/Models/tiles/hex/fbx/hex_forest.fbx using Guid(c3630f00a49be47d389b4f64c5443519) Importer(815301076,1909f56bfc062723c751e8b465ee728b)  -> (artifact id: '7683051b5b7f2dc9a4126c0990e96c1a') in 0.012780 seconds 
========================================================================
Received Import Request.
  Time since last request: 0.000055 seconds.
  path: Assets/KayKit Medieval Builder Pack 1.0/Models/tiles/hex/fbx/hex_forest_detail.fbx
  artifactKey: Guid(320ff160b89a147f8a3de6375c9afeed) Importer(815301076,1909f56bfc062723c751e8b465ee728b)
Start importing Assets/KayKit Medieval Builder Pack 1.0/Models/tiles/hex/fbx/hex_forest_detail.fbx using Guid(320ff160b89a147f8a3de6375c9afeed) Importer(815301076,1909f56bfc062723c751e8b465ee728b)  -> (artifact id: 'dba306aaed8561978f5780ae0a097500') in 0.014991 seconds 
========================================================================
Received Import Request.
  Time since last request: 3.265947 seconds.
  path: Assets/Prefabs/GameObject.prefab
  artifactKey: Guid(613b5197669bc4b578c800eaa5a50750) Importer(815301076,1909f56bfc062723c751e8b465ee728b)
Start importing Assets/Prefabs/GameObject.prefab using Guid(613b5197669bc4b578c800eaa5a50750) Importer(815301076,1909f56bfc062723c751e8b465ee728b)  -> (artifact id: '0250ec428369114feb6b84147cb0dd3b') in 0.079621 seconds 
Editor requested this worker to shutdown with reason: Scaling down because of idle timeout
AssetImportWorker is now disconnected from the server
Process exiting
